[0.593s] Invoking command in '/home/rain/introTask/build/turtlesim_color_change': PYTHONPATH=/home/rain/introTask/build/turtlesim_color_change/prefix_override:/home/rain/introTask/install/turtlesim_color_change/lib/python3.10/site-packages:${PYTHONPATH} /usr/bin/python3 setup.py develop --editable --build-directory /home/rain/introTask/build/turtlesim_color_change/build --no-deps install_data
[0.788s] running develop
[0.788s] /usr/lib/python3/dist-packages/setuptools/command/easy_install.py:158: EasyInstallDeprecationWarning: easy_install command is deprecated. Use build and pip and other standards-based tools.
[0.788s]   warnings.warn(
[0.789s] /usr/lib/python3/dist-packages/setuptools/command/install.py:34: SetuptoolsDeprecationWarning: setup.py install is deprecated. Use build and pip and other standards-based tools.
[0.789s]   warnings.warn(
[0.912s] running egg_info
[0.912s] writing turtlesim_color_change.egg-info/PKG-INFO
[0.912s] writing dependency_links to turtlesim_color_change.egg-info/dependency_links.txt
[0.912s] writing entry points to turtlesim_color_change.egg-info/entry_points.txt
[0.913s] writing requirements to turtlesim_color_change.egg-info/requires.txt
[0.913s] writing top-level names to turtlesim_color_change.egg-info/top_level.txt
[0.913s] reading manifest file 'turtlesim_color_change.egg-info/SOURCES.txt'
[0.914s] writing manifest file 'turtlesim_color_change.egg-info/SOURCES.txt'
[0.915s] running build_ext
[0.916s] Creating /home/rain/introTask/install/turtlesim_color_change/lib/python3.10/site-packages/turtlesim-color-change.egg-link (link to .)
[0.916s] Installing change_background script to /home/rain/introTask/install/turtlesim_color_change/lib/turtlesim_color_change
[0.917s] 
[0.917s] Installed /home/rain/introTask/build/turtlesim_color_change
[0.917s] running install_data
[0.917s] copying launch/color_launch.py -> /home/rain/introTask/install/turtlesim_color_change/share/turtlesim_color_change
[0.953s] Invoked command in '/home/rain/introTask/build/turtlesim_color_change' returned '0': PYTHONPATH=/home/rain/introTask/build/turtlesim_color_change/prefix_override:/home/rain/introTask/install/turtlesim_color_change/lib/python3.10/site-packages:${PYTHONPATH} /usr/bin/python3 setup.py develop --editable --build-directory /home/rain/introTask/build/turtlesim_color_change/build --no-deps install_data
