[0.595s] Invoking command in '/home/rain/introTask/build/turtlesim_color_change': PYTHONPATH=/home/rain/introTask/build/turtlesim_color_change/prefix_override:/home/rain/introTask/install/turtlesim_color_change/lib/python3.10/site-packages:${PYTHONPATH} /usr/bin/python3 setup.py develop --editable --build-directory /home/rain/introTask/build/turtlesim_color_change/build --no-deps install_data
[0.785s] running develop
[0.785s] /usr/lib/python3/dist-packages/setuptools/command/easy_install.py:158: EasyInstallDeprecationWarning: easy_install command is deprecated. Use build and pip and other standards-based tools.
[0.785s]   warnings.warn(
[0.786s] /usr/lib/python3/dist-packages/setuptools/command/install.py:34: SetuptoolsDeprecationWarning: setup.py install is deprecated. Use build and pip and other standards-based tools.
[0.786s]   warnings.warn(
[0.905s] running egg_info
[0.906s] writing turtlesim_color_change.egg-info/PKG-INFO
[0.906s] writing dependency_links to turtlesim_color_change.egg-info/dependency_links.txt
[0.906s] writing entry points to turtlesim_color_change.egg-info/entry_points.txt
[0.906s] writing requirements to turtlesim_color_change.egg-info/requires.txt
[0.906s] writing top-level names to turtlesim_color_change.egg-info/top_level.txt
[0.907s] reading manifest file 'turtlesim_color_change.egg-info/SOURCES.txt'
[0.908s] writing manifest file 'turtlesim_color_change.egg-info/SOURCES.txt'
[0.909s] running build_ext
[0.909s] Creating /home/rain/introTask/install/turtlesim_color_change/lib/python3.10/site-packages/turtlesim-color-change.egg-link (link to .)
[0.910s] Installing change_background script to /home/rain/introTask/install/turtlesim_color_change/lib/turtlesim_color_change
[0.910s] 
[0.910s] Installed /home/rain/introTask/build/turtlesim_color_change
[0.910s] running install_data
[0.949s] Invoked command in '/home/rain/introTask/build/turtlesim_color_change' returned '0': PYTHONPATH=/home/rain/introTask/build/turtlesim_color_change/prefix_override:/home/rain/introTask/install/turtlesim_color_change/lib/python3.10/site-packages:${PYTHONPATH} /usr/bin/python3 setup.py develop --editable --build-directory /home/rain/introTask/build/turtlesim_color_change/build --no-deps install_data
