[1.253s] Invoking command in '/home/rain/introTask/build/turtlesim_color_change': PYTHONPATH=/home/rain/introTask/build/turtlesim_color_change/prefix_override:/home/rain/introTask/install/turtlesim_color_change/lib/python3.10/site-packages:${PYTHONPATH} /usr/bin/python3 setup.py develop --editable --build-directory /home/rain/introTask/build/turtlesim_color_change/build --no-deps install_data
[1.684s] running develop
[1.685s] /usr/lib/python3/dist-packages/setuptools/command/easy_install.py:158: EasyInstallDeprecationWarning: easy_install command is deprecated. Use build and pip and other standards-based tools.
[1.685s]   warnings.warn(
[1.687s] /usr/lib/python3/dist-packages/setuptools/command/install.py:34: SetuptoolsDeprecationWarning: setup.py install is deprecated. Use build and pip and other standards-based tools.
[1.687s]   warnings.warn(
[1.972s] running egg_info
[1.973s] writing turtlesim_color_change.egg-info/PKG-INFO
[1.973s] writing dependency_links to turtlesim_color_change.egg-info/dependency_links.txt
[1.974s] writing entry points to turtlesim_color_change.egg-info/entry_points.txt
[1.974s] writing requirements to turtlesim_color_change.egg-info/requires.txt
[1.974s] writing top-level names to turtlesim_color_change.egg-info/top_level.txt
[1.977s] reading manifest file 'turtlesim_color_change.egg-info/SOURCES.txt'
[1.978s] writing manifest file 'turtlesim_color_change.egg-info/SOURCES.txt'
[1.980s] running build_ext
[1.981s] Creating /home/rain/introTask/install/turtlesim_color_change/lib/python3.10/site-packages/turtlesim-color-change.egg-link (link to .)
[1.982s] Installing change_background script to /home/rain/introTask/install/turtlesim_color_change/lib/turtlesim_color_change
[1.983s] 
[1.983s] Installed /home/rain/introTask/build/turtlesim_color_change
[1.984s] running install_data
[1.985s] copying launch/color_launch.py -> /home/rain/introTask/install/turtlesim_color_change/share/turtlesim_color_change
[2.036s] Invoked command in '/home/rain/introTask/build/turtlesim_color_change' returned '0': PYTHONPATH=/home/rain/introTask/build/turtlesim_color_change/prefix_override:/home/rain/introTask/install/turtlesim_color_change/lib/python3.10/site-packages:${PYTHONPATH} /usr/bin/python3 setup.py develop --editable --build-directory /home/rain/introTask/build/turtlesim_color_change/build --no-deps install_data
