[0.590s] Invoking command in '/home/rain/introTask/build/turtlesim_color_change': PYTHONPATH=/home/rain/introTask/build/turtlesim_color_change/prefix_override:/home/rain/introTask/install/turtlesim_color_change/lib/python3.10/site-packages:${PYTHONPATH} /usr/bin/python3 setup.py develop --editable --build-directory /home/rain/introTask/build/turtlesim_color_change/build --no-deps install_data
[0.777s] running develop
[0.777s] /usr/lib/python3/dist-packages/setuptools/command/easy_install.py:158: EasyInstallDeprecationWarning: easy_install command is deprecated. Use build and pip and other standards-based tools.
[0.777s]   warnings.warn(
[0.778s] /usr/lib/python3/dist-packages/setuptools/command/install.py:34: SetuptoolsDeprecationWarning: setup.py install is deprecated. Use build and pip and other standards-based tools.
[0.778s]   warnings.warn(
[0.898s] running egg_info
[0.899s] writing turtlesim_color_change.egg-info/PKG-INFO
[0.899s] writing dependency_links to turtlesim_color_change.egg-info/dependency_links.txt
[0.899s] writing entry points to turtlesim_color_change.egg-info/entry_points.txt
[0.899s] writing requirements to turtlesim_color_change.egg-info/requires.txt
[0.899s] writing top-level names to turtlesim_color_change.egg-info/top_level.txt
[0.900s] reading manifest file 'turtlesim_color_change.egg-info/SOURCES.txt'
[0.901s] writing manifest file 'turtlesim_color_change.egg-info/SOURCES.txt'
[0.902s] running build_ext
[0.903s] Creating /home/rain/introTask/install/turtlesim_color_change/lib/python3.10/site-packages/turtlesim-color-change.egg-link (link to .)
[0.904s] Installing change_background script to /home/rain/introTask/install/turtlesim_color_change/lib/turtlesim_color_change
[0.904s] 
[0.904s] Installed /home/rain/introTask/build/turtlesim_color_change
[0.904s] running install_data
[0.904s] copying launch/color_launch.py -> /home/rain/introTask/install/turtlesim_color_change/share/turtlesim_color_change
[0.939s] Invoked command in '/home/rain/introTask/build/turtlesim_color_change' returned '0': PYTHONPATH=/home/rain/introTask/build/turtlesim_color_change/prefix_override:/home/rain/introTask/install/turtlesim_color_change/lib/python3.10/site-packages:${PYTHONPATH} /usr/bin/python3 setup.py develop --editable --build-directory /home/rain/introTask/build/turtlesim_color_change/build --no-deps install_data
