[2.282s] DEBUG:colcon:Command line arguments: ['/usr/bin/colcon', 'build', '--symlink-install']
[2.283s] DEBUG:colcon:Parsed command line arguments: Namespace(log_base=None, log_level=None, verb_name='build', build_base='build', install_base='install', merge_install=False, symlink_install=True, test_result_base=None, continue_on_error=False, executor='parallel', parallel_workers=12, event_handlers=None, ignore_user_meta=False, metas=['./colcon.meta'], base_paths=['.'], packages_ignore=None, packages_ignore_regex=None, paths=None, packages_up_to=None, packages_up_to_regex=None, packages_above=None, packages_above_and_dependencies=None, packages_above_depth=None, packages_select_by_dep=None, packages_skip_by_dep=None, packages_skip_up_to=None, packages_select_build_failed=False, packages_skip_build_finished=False, packages_select_test_failures=False, packages_skip_test_passed=False, packages_select=None, packages_skip=None, packages_select_regex=None, packages_skip_regex=None, packages_start=None, packages_end=None, allow_overriding=[], cmake_args=None, cmake_target=None, cmake_target_skip_unavailable=False, cmake_clean_cache=False, cmake_clean_first=False, cmake_force_configure=False, ament_cmake_args=None, catkin_cmake_args=None, catkin_skip_building_tests=False, verb_parser=<colcon_defaults.argument_parser.defaults.DefaultArgumentsDecorator object at 0x7f84b9eaa1a0>, verb_extension=<colcon_core.verb.build.BuildVerb object at 0x7f84b9eaa530>, main=<bound method BuildVerb.main of <colcon_core.verb.build.BuildVerb object at 0x7f84b9eaa530>>)
[2.368s] Level 1:colcon.colcon_core.package_discovery:discover_packages(colcon_meta) check parameters
[2.368s] Level 1:colcon.colcon_core.package_discovery:discover_packages(recursive) check parameters
[2.368s] Level 1:colcon.colcon_core.package_discovery:discover_packages(ignore) check parameters
[2.368s] Level 1:colcon.colcon_core.package_discovery:discover_packages(path) check parameters
[2.368s] Level 1:colcon.colcon_core.package_discovery:discover_packages(colcon_meta) discover
[2.368s] Level 1:colcon.colcon_core.package_discovery:discover_packages(recursive) discover
[2.368s] INFO:colcon.colcon_core.package_discovery:Crawling recursively for packages in '/home/rain/introTask'
[2.368s] Level 1:colcon.colcon_core.package_identification:_identify(.) by extensions ['ignore', 'ignore_ament_install']
[2.369s] Level 1:colcon.colcon_core.package_identification:_identify(.) by extension 'ignore'
[2.369s] Level 1:colcon.colcon_core.package_identification:_identify(.) by extension 'ignore_ament_install'
[2.369s] Level 1:colcon.colcon_core.package_identification:_identify(.) by extensions ['colcon_pkg']
[2.369s] Level 1:colcon.colcon_core.package_identification:_identify(.) by extension 'colcon_pkg'
[2.369s] Level 1:colcon.colcon_core.package_identification:_identify(.) by extensions ['colcon_meta']
[2.369s] Level 1:colcon.colcon_core.package_identification:_identify(.) by extension 'colcon_meta'
[2.369s] Level 1:colcon.colcon_core.package_identification:_identify(.) by extensions ['ros']
[2.369s] Level 1:colcon.colcon_core.package_identification:_identify(.) by extension 'ros'
[2.388s] Level 1:colcon.colcon_core.package_identification:_identify(.) by extensions ['cmake', 'python']
[2.389s] Level 1:colcon.colcon_core.package_identification:_identify(.) by extension 'cmake'
[2.389s] Level 1:colcon.colcon_core.package_identification:_identify(.) by extension 'python'
[2.389s] Level 1:colcon.colcon_core.package_identification:_identify(.) by extensions ['python_setup_py']
[2.389s] Level 1:colcon.colcon_core.package_identification:_identify(.) by extension 'python_setup_py'
[2.389s] Level 1:colcon.colcon_core.package_identification:_identify(build) by extensions ['ignore', 'ignore_ament_install']
[2.389s] Level 1:colcon.colcon_core.package_identification:_identify(build) by extension 'ignore'
[2.389s] Level 1:colcon.colcon_core.package_identification:_identify(build) ignored
[2.389s] Level 1:colcon.colcon_core.package_identification:_identify(install) by extensions ['ignore', 'ignore_ament_install']
[2.390s] Level 1:colcon.colcon_core.package_identification:_identify(install) by extension 'ignore'
[2.390s] Level 1:colcon.colcon_core.package_identification:_identify(install) ignored
[2.390s] Level 1:colcon.colcon_core.package_identification:_identify(log) by extensions ['ignore', 'ignore_ament_install']
[2.390s] Level 1:colcon.colcon_core.package_identification:_identify(log) by extension 'ignore'
[2.390s] Level 1:colcon.colcon_core.package_identification:_identify(log) ignored
[2.390s] Level 1:colcon.colcon_core.package_identification:_identify(src) by extensions ['ignore', 'ignore_ament_install']
[2.390s] Level 1:colcon.colcon_core.package_identification:_identify(src) by extension 'ignore'
[2.390s] Level 1:colcon.colcon_core.package_identification:_identify(src) by extension 'ignore_ament_install'
[2.390s] Level 1:colcon.colcon_core.package_identification:_identify(src) by extensions ['colcon_pkg']
[2.391s] Level 1:colcon.colcon_core.package_identification:_identify(src) by extension 'colcon_pkg'
[2.391s] Level 1:colcon.colcon_core.package_identification:_identify(src) by extensions ['colcon_meta']
[2.391s] Level 1:colcon.colcon_core.package_identification:_identify(src) by extension 'colcon_meta'
[2.391s] Level 1:colcon.colcon_core.package_identification:_identify(src) by extensions ['ros']
[2.391s] Level 1:colcon.colcon_core.package_identification:_identify(src) by extension 'ros'
[2.391s] Level 1:colcon.colcon_core.package_identification:_identify(src) by extensions ['cmake', 'python']
[2.391s] Level 1:colcon.colcon_core.package_identification:_identify(src) by extension 'cmake'
[2.391s] Level 1:colcon.colcon_core.package_identification:_identify(src) by extension 'python'
[2.391s] Level 1:colcon.colcon_core.package_identification:_identify(src) by extensions ['python_setup_py']
[2.391s] Level 1:colcon.colcon_core.package_identification:_identify(src) by extension 'python_setup_py'
[2.391s] Level 1:colcon.colcon_core.package_identification:_identify(src/turtlesim_color_change) by extensions ['ignore', 'ignore_ament_install']
[2.392s] Level 1:colcon.colcon_core.package_identification:_identify(src/turtlesim_color_change) by extension 'ignore'
[2.392s] Level 1:colcon.colcon_core.package_identification:_identify(src/turtlesim_color_change) by extension 'ignore_ament_install'
[2.392s] Level 1:colcon.colcon_core.package_identification:_identify(src/turtlesim_color_change) by extensions ['colcon_pkg']
[2.392s] Level 1:colcon.colcon_core.package_identification:_identify(src/turtlesim_color_change) by extension 'colcon_pkg'
[2.392s] Level 1:colcon.colcon_core.package_identification:_identify(src/turtlesim_color_change) by extensions ['colcon_meta']
[2.392s] Level 1:colcon.colcon_core.package_identification:_identify(src/turtlesim_color_change) by extension 'colcon_meta'
[2.392s] Level 1:colcon.colcon_core.package_identification:_identify(src/turtlesim_color_change) by extensions ['ros']
[2.392s] Level 1:colcon.colcon_core.package_identification:_identify(src/turtlesim_color_change) by extension 'ros'
[2.396s] DEBUG:colcon.colcon_core.package_identification:Package 'src/turtlesim_color_change' with type 'ros.ament_python' and name 'turtlesim_color_change'
[2.396s] Level 1:colcon.colcon_core.package_discovery:discover_packages(recursive) using defaults
[2.396s] Level 1:colcon.colcon_core.package_discovery:discover_packages(ignore) discover
[2.396s] Level 1:colcon.colcon_core.package_discovery:discover_packages(ignore) using defaults
[2.396s] Level 1:colcon.colcon_core.package_discovery:discover_packages(path) discover
[2.397s] Level 1:colcon.colcon_core.package_discovery:discover_packages(path) using defaults
[2.565s] Level 1:colcon.colcon_core.package_discovery:discover_packages(prefix_path) check parameters
[2.565s] Level 1:colcon.colcon_core.package_discovery:discover_packages(prefix_path) discover
[2.592s] WARNING:colcon.colcon_core.prefix_path.colcon:The path '/home/rain/launch_color_ws/src/install' in the environment variable COLCON_PREFIX_PATH doesn't exist
[2.593s] WARNING:colcon.colcon_ros.prefix_path.ament:The path '/home/rain/launch_color_ws/src/install/turtlesim_color_change' in the environment variable AMENT_PREFIX_PATH doesn't exist
[2.623s] DEBUG:colcon.colcon_installed_package_information.package_discovery:Found 1 installed packages in /home/rain/introTask/install
[2.655s] DEBUG:colcon.colcon_installed_package_information.package_discovery:Found 300 installed packages in /opt/ros/iron
[2.657s] Level 1:colcon.colcon_core.package_discovery:discover_packages(prefix_path) using defaults
[2.829s] Level 5:colcon.colcon_core.verb:set package 'turtlesim_color_change' build argument 'cmake_args' from command line to 'None'
[2.830s] Level 5:colcon.colcon_core.verb:set package 'turtlesim_color_change' build argument 'cmake_target' from command line to 'None'
[2.830s] Level 5:colcon.colcon_core.verb:set package 'turtlesim_color_change' build argument 'cmake_target_skip_unavailable' from command line to 'False'
[2.830s] Level 5:colcon.colcon_core.verb:set package 'turtlesim_color_change' build argument 'cmake_clean_cache' from command line to 'False'
[2.830s] Level 5:colcon.colcon_core.verb:set package 'turtlesim_color_change' build argument 'cmake_clean_first' from command line to 'False'
[2.830s] Level 5:colcon.colcon_core.verb:set package 'turtlesim_color_change' build argument 'cmake_force_configure' from command line to 'False'
[2.830s] Level 5:colcon.colcon_core.verb:set package 'turtlesim_color_change' build argument 'ament_cmake_args' from command line to 'None'
[2.830s] Level 5:colcon.colcon_core.verb:set package 'turtlesim_color_change' build argument 'catkin_cmake_args' from command line to 'None'
[2.830s] Level 5:colcon.colcon_core.verb:set package 'turtlesim_color_change' build argument 'catkin_skip_building_tests' from command line to 'False'
[2.830s] DEBUG:colcon.colcon_core.verb:Building package 'turtlesim_color_change' with the following arguments: {'ament_cmake_args': None, 'build_base': '/home/rain/introTask/build/turtlesim_color_change', 'catkin_cmake_args': None, 'catkin_skip_building_tests': False, 'cmake_args': None, 'cmake_clean_cache': False, 'cmake_clean_first': False, 'cmake_force_configure': False, 'cmake_target': None, 'cmake_target_skip_unavailable': False, 'install_base': '/home/rain/introTask/install/turtlesim_color_change', 'merge_install': False, 'path': '/home/rain/introTask/src/turtlesim_color_change', 'symlink_install': True, 'test_result_base': None}
[2.856s] INFO:colcon.colcon_core.executor:Executing jobs using 'parallel' executor
[2.883s] DEBUG:colcon.colcon_parallel_executor.executor.parallel:run_until_complete
[2.884s] INFO:colcon.colcon_ros.task.ament_python.build:Building ROS package in '/home/rain/introTask/src/turtlesim_color_change' with build type 'ament_python'
[2.884s] Level 1:colcon.colcon_core.shell:create_environment_hook('turtlesim_color_change', 'ament_prefix_path')
[2.919s] INFO:colcon.colcon_core.plugin_system:Skipping extension 'colcon_core.shell.bat': Not used on non-Windows systems
[2.920s] INFO:colcon.colcon_core.shell:Creating environment hook '/home/rain/introTask/install/turtlesim_color_change/share/turtlesim_color_change/hook/ament_prefix_path.ps1'
[2.921s] INFO:colcon.colcon_core.shell:Creating environment descriptor '/home/rain/introTask/install/turtlesim_color_change/share/turtlesim_color_change/hook/ament_prefix_path.dsv'
[2.921s] INFO:colcon.colcon_core.shell:Creating environment hook '/home/rain/introTask/install/turtlesim_color_change/share/turtlesim_color_change/hook/ament_prefix_path.sh'
[2.950s] INFO:colcon.colcon_core.shell:Skip shell extension 'powershell' for command environment: Not usable outside of PowerShell
[2.950s] DEBUG:colcon.colcon_core.shell:Skip shell extension 'dsv' for command environment
[3.508s] INFO:colcon.colcon_core.task.python.build:Building Python package in '/home/rain/introTask/src/turtlesim_color_change'
[3.538s] INFO:colcon.colcon_core.shell:Skip shell extension 'powershell' for command environment: Not usable outside of PowerShell
[3.539s] DEBUG:colcon.colcon_core.shell:Skip shell extension 'dsv' for command environment
[4.208s] DEBUG:colcon.colcon_core.event_handler.log_command:Invoking command in '/home/rain/introTask/build/turtlesim_color_change': PYTHONPATH=/home/rain/introTask/build/turtlesim_color_change/prefix_override:/home/rain/introTask/install/turtlesim_color_change/lib/python3.10/site-packages:${PYTHONPATH} /usr/bin/python3 setup.py develop --editable --build-directory /home/rain/introTask/build/turtlesim_color_change/build --no-deps install_data
[5.001s] Level 1:colcon.colcon_core.shell:create_environment_hook('turtlesim_color_change', 'pythonpath_develop')
[5.002s] DEBUG:colcon.colcon_core.event_handler.log_command:Invoked command in '/home/rain/introTask/build/turtlesim_color_change' returned '0': PYTHONPATH=/home/rain/introTask/build/turtlesim_color_change/prefix_override:/home/rain/introTask/install/turtlesim_color_change/lib/python3.10/site-packages:${PYTHONPATH} /usr/bin/python3 setup.py develop --editable --build-directory /home/rain/introTask/build/turtlesim_color_change/build --no-deps install_data
[5.029s] INFO:colcon.colcon_core.shell:Creating environment hook '/home/rain/introTask/build/turtlesim_color_change/share/turtlesim_color_change/hook/pythonpath_develop.ps1'
[5.030s] INFO:colcon.colcon_core.shell:Creating environment descriptor '/home/rain/introTask/build/turtlesim_color_change/share/turtlesim_color_change/hook/pythonpath_develop.dsv'
[5.030s] INFO:colcon.colcon_core.shell:Creating environment hook '/home/rain/introTask/build/turtlesim_color_change/share/turtlesim_color_change/hook/pythonpath_develop.sh'
[5.062s] Level 1:colcon.colcon_core.environment:checking '/home/rain/introTask/install/turtlesim_color_change' for CMake module files
[5.062s] Level 1:colcon.colcon_core.environment:checking '/home/rain/introTask/install/turtlesim_color_change' for CMake config files
[5.063s] Level 1:colcon.colcon_core.environment:checking '/home/rain/introTask/install/turtlesim_color_change/lib'
[5.063s] Level 1:colcon.colcon_core.environment:checking '/home/rain/introTask/install/turtlesim_color_change/bin'
[5.064s] Level 1:colcon.colcon_core.environment:checking '/home/rain/introTask/install/turtlesim_color_change/lib/pkgconfig/turtlesim_color_change.pc'
[5.064s] Level 1:colcon.colcon_core.environment:checking '/home/rain/introTask/install/turtlesim_color_change/lib/python3.10/site-packages'
[5.064s] Level 1:colcon.colcon_core.shell:create_environment_hook('turtlesim_color_change', 'pythonpath')
[5.092s] INFO:colcon.colcon_core.shell:Creating environment hook '/home/rain/introTask/install/turtlesim_color_change/share/turtlesim_color_change/hook/pythonpath.ps1'
[5.093s] INFO:colcon.colcon_core.shell:Creating environment descriptor '/home/rain/introTask/install/turtlesim_color_change/share/turtlesim_color_change/hook/pythonpath.dsv'
[5.093s] INFO:colcon.colcon_core.shell:Creating environment hook '/home/rain/introTask/install/turtlesim_color_change/share/turtlesim_color_change/hook/pythonpath.sh'
[5.094s] Level 1:colcon.colcon_core.environment:checking '/home/rain/introTask/install/turtlesim_color_change/bin'
[5.095s] Level 1:colcon.colcon_core.environment:create_environment_scripts_only(turtlesim_color_change)
[5.123s] INFO:colcon.colcon_core.shell:Creating package script '/home/rain/introTask/install/turtlesim_color_change/share/turtlesim_color_change/package.ps1'
[5.125s] INFO:colcon.colcon_core.shell:Creating package descriptor '/home/rain/introTask/install/turtlesim_color_change/share/turtlesim_color_change/package.dsv'
[5.126s] INFO:colcon.colcon_core.shell:Creating package script '/home/rain/introTask/install/turtlesim_color_change/share/turtlesim_color_change/package.sh'
[5.127s] INFO:colcon.colcon_core.shell:Creating package script '/home/rain/introTask/install/turtlesim_color_change/share/turtlesim_color_change/package.bash'
[5.131s] INFO:colcon.colcon_core.shell:Creating package script '/home/rain/introTask/install/turtlesim_color_change/share/turtlesim_color_change/package.zsh'
[5.133s] Level 1:colcon.colcon_core.environment:create_file_with_runtime_dependencies(/home/rain/introTask/install/turtlesim_color_change/share/colcon-core/packages/turtlesim_color_change)
[5.133s] DEBUG:colcon.colcon_parallel_executor.executor.parallel:closing loop
[5.135s] DEBUG:colcon.colcon_parallel_executor.executor.parallel:loop closed
[5.135s] DEBUG:colcon.colcon_parallel_executor.executor.parallel:run_until_complete finished with '0'
[5.135s] DEBUG:colcon.colcon_core.event_reactor:joining thread
[5.322s] INFO:colcon.colcon_core.plugin_system:Skipping extension 'colcon_notification.desktop_notification.notify_send': Could not find 'notify-send'
[5.323s] INFO:colcon.colcon_core.plugin_system:Skipping extension 'colcon_notification.desktop_notification.terminal_notifier': Not used on non-Darwin systems
[5.323s] INFO:colcon.colcon_core.plugin_system:Skipping extension 'colcon_notification.desktop_notification.win32': Not used on non-Windows systems
[5.323s] INFO:colcon.colcon_notification.desktop_notification:Sending desktop notification using 'notify2'
[5.323s] DEBUG:colcon.colcon_notification.desktop_notification.notify2:Failed to initialize notify2: org.freedesktop.DBus.Error.FileNotFound: Failed to connect to socket /run/user/1000/bus: No such file or directory
[5.323s] DEBUG:colcon.colcon_core.event_reactor:joined thread
[5.349s] INFO:colcon.colcon_core.shell:Creating prefix script '/home/rain/introTask/install/local_setup.ps1'
[5.350s] INFO:colcon.colcon_core.shell:Creating prefix util module '/home/rain/introTask/install/_local_setup_util_ps1.py'
[5.353s] INFO:colcon.colcon_core.shell:Creating prefix chain script '/home/rain/introTask/install/setup.ps1'
[5.379s] INFO:colcon.colcon_core.shell:Creating prefix script '/home/rain/introTask/install/local_setup.sh'
[5.380s] INFO:colcon.colcon_core.shell:Creating prefix util module '/home/rain/introTask/install/_local_setup_util_sh.py'
[5.381s] INFO:colcon.colcon_core.shell:Creating prefix chain script '/home/rain/introTask/install/setup.sh'
[5.408s] INFO:colcon.colcon_core.shell:Creating prefix script '/home/rain/introTask/install/local_setup.bash'
[5.409s] INFO:colcon.colcon_core.shell:Creating prefix chain script '/home/rain/introTask/install/setup.bash'
[5.438s] INFO:colcon.colcon_core.shell:Creating prefix script '/home/rain/introTask/install/local_setup.zsh'
[5.439s] INFO:colcon.colcon_core.shell:Creating prefix chain script '/home/rain/introTask/install/setup.zsh'
