[2.248s] DEBUG:colcon:Command line arguments: ['/usr/bin/colcon', 'build']
[2.248s] DEBUG:colcon:Parsed command line arguments: Namespace(log_base=None, log_level=None, verb_name='build', build_base='build', install_base='install', merge_install=False, symlink_install=False, test_result_base=None, continue_on_error=False, executor='parallel', parallel_workers=12, event_handlers=None, ignore_user_meta=False, metas=['./colcon.meta'], base_paths=['.'], packages_ignore=None, packages_ignore_regex=None, paths=None, packages_up_to=None, packages_up_to_regex=None, packages_above=None, packages_above_and_dependencies=None, packages_above_depth=None, packages_select_by_dep=None, packages_skip_by_dep=None, packages_skip_up_to=None, packages_select_build_failed=False, packages_skip_build_finished=False, packages_select_test_failures=False, packages_skip_test_passed=False, packages_select=None, packages_skip=None, packages_select_regex=None, packages_skip_regex=None, packages_start=None, packages_end=None, allow_overriding=[], cmake_args=None, cmake_target=None, cmake_target_skip_unavailable=False, cmake_clean_cache=False, cmake_clean_first=False, cmake_force_configure=False, ament_cmake_args=None, catkin_cmake_args=None, catkin_skip_building_tests=False, verb_parser=<colcon_defaults.argument_parser.defaults.DefaultArgumentsDecorator object at 0x7fa11eaacd00>, verb_extension=<colcon_core.verb.build.BuildVerb object at 0x7fa11eaac8e0>, main=<bound method BuildVerb.main of <colcon_core.verb.build.BuildVerb object at 0x7fa11eaac8e0>>)
[2.345s] Level 1:colcon.colcon_core.package_discovery:discover_packages(colcon_meta) check parameters
[2.345s] Level 1:colcon.colcon_core.package_discovery:discover_packages(recursive) check parameters
[2.345s] Level 1:colcon.colcon_core.package_discovery:discover_packages(ignore) check parameters
[2.345s] Level 1:colcon.colcon_core.package_discovery:discover_packages(path) check parameters
[2.345s] Level 1:colcon.colcon_core.package_discovery:discover_packages(colcon_meta) discover
[2.345s] Level 1:colcon.colcon_core.package_discovery:discover_packages(recursive) discover
[2.346s] INFO:colcon.colcon_core.package_discovery:Crawling recursively for packages in '/home/rain/introTask'
[2.346s] Level 1:colcon.colcon_core.package_identification:_identify(.) by extensions ['ignore', 'ignore_ament_install']
[2.346s] Level 1:colcon.colcon_core.package_identification:_identify(.) by extension 'ignore'
[2.346s] Level 1:colcon.colcon_core.package_identification:_identify(.) by extension 'ignore_ament_install'
[2.346s] Level 1:colcon.colcon_core.package_identification:_identify(.) by extensions ['colcon_pkg']
[2.346s] Level 1:colcon.colcon_core.package_identification:_identify(.) by extension 'colcon_pkg'
[2.346s] Level 1:colcon.colcon_core.package_identification:_identify(.) by extensions ['colcon_meta']
[2.346s] Level 1:colcon.colcon_core.package_identification:_identify(.) by extension 'colcon_meta'
[2.346s] Level 1:colcon.colcon_core.package_identification:_identify(.) by extensions ['ros']
[2.346s] Level 1:colcon.colcon_core.package_identification:_identify(.) by extension 'ros'
[2.365s] Level 1:colcon.colcon_core.package_identification:_identify(.) by extensions ['cmake', 'python']
[2.365s] Level 1:colcon.colcon_core.package_identification:_identify(.) by extension 'cmake'
[2.365s] Level 1:colcon.colcon_core.package_identification:_identify(.) by extension 'python'
[2.365s] Level 1:colcon.colcon_core.package_identification:_identify(.) by extensions ['python_setup_py']
[2.365s] Level 1:colcon.colcon_core.package_identification:_identify(.) by extension 'python_setup_py'
[2.365s] Level 1:colcon.colcon_core.package_identification:_identify(build) by extensions ['ignore', 'ignore_ament_install']
[2.365s] Level 1:colcon.colcon_core.package_identification:_identify(build) by extension 'ignore'
[2.365s] Level 1:colcon.colcon_core.package_identification:_identify(build) ignored
[2.366s] Level 1:colcon.colcon_core.package_identification:_identify(install) by extensions ['ignore', 'ignore_ament_install']
[2.366s] Level 1:colcon.colcon_core.package_identification:_identify(install) by extension 'ignore'
[2.366s] Level 1:colcon.colcon_core.package_identification:_identify(install) ignored
[2.366s] Level 1:colcon.colcon_core.package_identification:_identify(log) by extensions ['ignore', 'ignore_ament_install']
[2.366s] Level 1:colcon.colcon_core.package_identification:_identify(log) by extension 'ignore'
[2.366s] Level 1:colcon.colcon_core.package_identification:_identify(log) ignored
[2.367s] Level 1:colcon.colcon_core.package_identification:_identify(src) by extensions ['ignore', 'ignore_ament_install']
[2.367s] Level 1:colcon.colcon_core.package_identification:_identify(src) by extension 'ignore'
[2.367s] Level 1:colcon.colcon_core.package_identification:_identify(src) by extension 'ignore_ament_install'
[2.367s] Level 1:colcon.colcon_core.package_identification:_identify(src) by extensions ['colcon_pkg']
[2.367s] Level 1:colcon.colcon_core.package_identification:_identify(src) by extension 'colcon_pkg'
[2.368s] Level 1:colcon.colcon_core.package_identification:_identify(src) by extensions ['colcon_meta']
[2.368s] Level 1:colcon.colcon_core.package_identification:_identify(src) by extension 'colcon_meta'
[2.368s] Level 1:colcon.colcon_core.package_identification:_identify(src) by extensions ['ros']
[2.368s] Level 1:colcon.colcon_core.package_identification:_identify(src) by extension 'ros'
[2.368s] Level 1:colcon.colcon_core.package_identification:_identify(src) by extensions ['cmake', 'python']
[2.368s] Level 1:colcon.colcon_core.package_identification:_identify(src) by extension 'cmake'
[2.368s] Level 1:colcon.colcon_core.package_identification:_identify(src) by extension 'python'
[2.368s] Level 1:colcon.colcon_core.package_identification:_identify(src) by extensions ['python_setup_py']
[2.368s] Level 1:colcon.colcon_core.package_identification:_identify(src) by extension 'python_setup_py'
[2.369s] Level 1:colcon.colcon_core.package_identification:_identify(src/turtlesim_color_change) by extensions ['ignore', 'ignore_ament_install']
[2.369s] Level 1:colcon.colcon_core.package_identification:_identify(src/turtlesim_color_change) by extension 'ignore'
[2.369s] Level 1:colcon.colcon_core.package_identification:_identify(src/turtlesim_color_change) by extension 'ignore_ament_install'
[2.369s] Level 1:colcon.colcon_core.package_identification:_identify(src/turtlesim_color_change) by extensions ['colcon_pkg']
[2.369s] Level 1:colcon.colcon_core.package_identification:_identify(src/turtlesim_color_change) by extension 'colcon_pkg'
[2.369s] Level 1:colcon.colcon_core.package_identification:_identify(src/turtlesim_color_change) by extensions ['colcon_meta']
[2.369s] Level 1:colcon.colcon_core.package_identification:_identify(src/turtlesim_color_change) by extension 'colcon_meta'
[2.369s] Level 1:colcon.colcon_core.package_identification:_identify(src/turtlesim_color_change) by extensions ['ros']
[2.369s] Level 1:colcon.colcon_core.package_identification:_identify(src/turtlesim_color_change) by extension 'ros'
[2.374s] DEBUG:colcon.colcon_core.package_identification:Package 'src/turtlesim_color_change' with type 'ros.ament_python' and name 'turtlesim_color_change'
[2.374s] Level 1:colcon.colcon_core.package_discovery:discover_packages(recursive) using defaults
[2.374s] Level 1:colcon.colcon_core.package_discovery:discover_packages(ignore) discover
[2.374s] Level 1:colcon.colcon_core.package_discovery:discover_packages(ignore) using defaults
[2.374s] Level 1:colcon.colcon_core.package_discovery:discover_packages(path) discover
[2.374s] Level 1:colcon.colcon_core.package_discovery:discover_packages(path) using defaults
[2.547s] Level 1:colcon.colcon_core.package_discovery:discover_packages(prefix_path) check parameters
[2.547s] Level 1:colcon.colcon_core.package_discovery:discover_packages(prefix_path) discover
[2.574s] WARNING:colcon.colcon_core.prefix_path.colcon:The path '/home/rain/try_ccp/install' in the environment variable COLCON_PREFIX_PATH doesn't exist
[2.575s] WARNING:colcon.colcon_core.prefix_path.colcon:The path '/home/rain/launch_color_ws/src/install' in the environment variable COLCON_PREFIX_PATH doesn't exist
[2.575s] WARNING:colcon.colcon_ros.prefix_path.ament:The path '/home/rain/try_ccp/install/turtlesim_color_change' in the environment variable AMENT_PREFIX_PATH doesn't exist
[2.575s] WARNING:colcon.colcon_ros.prefix_path.ament:The path '/home/rain/launch_color_ws/src/install/turtlesim_color_change' in the environment variable AMENT_PREFIX_PATH doesn't exist
[2.576s] WARNING:colcon.colcon_ros.prefix_path.catkin:The path '/home/rain/try_ccp/install/turtlesim_color_change' in the environment variable CMAKE_PREFIX_PATH doesn't exist
[2.606s] DEBUG:colcon.colcon_installed_package_information.package_discovery:Found 1 installed packages in /home/rain/introTask/install
[2.638s] DEBUG:colcon.colcon_installed_package_information.package_discovery:Found 300 installed packages in /opt/ros/iron
[2.640s] Level 1:colcon.colcon_core.package_discovery:discover_packages(prefix_path) using defaults
[2.828s] Level 5:colcon.colcon_core.verb:set package 'turtlesim_color_change' build argument 'cmake_args' from command line to 'None'
[2.829s] Level 5:colcon.colcon_core.verb:set package 'turtlesim_color_change' build argument 'cmake_target' from command line to 'None'
[2.829s] Level 5:colcon.colcon_core.verb:set package 'turtlesim_color_change' build argument 'cmake_target_skip_unavailable' from command line to 'False'
[2.829s] Level 5:colcon.colcon_core.verb:set package 'turtlesim_color_change' build argument 'cmake_clean_cache' from command line to 'False'
[2.829s] Level 5:colcon.colcon_core.verb:set package 'turtlesim_color_change' build argument 'cmake_clean_first' from command line to 'False'
[2.829s] Level 5:colcon.colcon_core.verb:set package 'turtlesim_color_change' build argument 'cmake_force_configure' from command line to 'False'
[2.829s] Level 5:colcon.colcon_core.verb:set package 'turtlesim_color_change' build argument 'ament_cmake_args' from command line to 'None'
[2.829s] Level 5:colcon.colcon_core.verb:set package 'turtlesim_color_change' build argument 'catkin_cmake_args' from command line to 'None'
[2.829s] Level 5:colcon.colcon_core.verb:set package 'turtlesim_color_change' build argument 'catkin_skip_building_tests' from command line to 'False'
[2.829s] DEBUG:colcon.colcon_core.verb:Building package 'turtlesim_color_change' with the following arguments: {'ament_cmake_args': None, 'build_base': '/home/rain/introTask/build/turtlesim_color_change', 'catkin_cmake_args': None, 'catkin_skip_building_tests': False, 'cmake_args': None, 'cmake_clean_cache': False, 'cmake_clean_first': False, 'cmake_force_configure': False, 'cmake_target': None, 'cmake_target_skip_unavailable': False, 'install_base': '/home/rain/introTask/install/turtlesim_color_change', 'merge_install': False, 'path': '/home/rain/introTask/src/turtlesim_color_change', 'symlink_install': False, 'test_result_base': None}
[2.856s] INFO:colcon.colcon_core.executor:Executing jobs using 'parallel' executor
[2.884s] DEBUG:colcon.colcon_parallel_executor.executor.parallel:run_until_complete
[2.885s] INFO:colcon.colcon_ros.task.ament_python.build:Building ROS package in '/home/rain/introTask/src/turtlesim_color_change' with build type 'ament_python'
[2.885s] Level 1:colcon.colcon_core.shell:create_environment_hook('turtlesim_color_change', 'ament_prefix_path')
[2.917s] INFO:colcon.colcon_core.plugin_system:Skipping extension 'colcon_core.shell.bat': Not used on non-Windows systems
[2.918s] INFO:colcon.colcon_core.shell:Creating environment hook '/home/rain/introTask/install/turtlesim_color_change/share/turtlesim_color_change/hook/ament_prefix_path.ps1'
[2.919s] INFO:colcon.colcon_core.shell:Creating environment descriptor '/home/rain/introTask/install/turtlesim_color_change/share/turtlesim_color_change/hook/ament_prefix_path.dsv'
[2.920s] INFO:colcon.colcon_core.shell:Creating environment hook '/home/rain/introTask/install/turtlesim_color_change/share/turtlesim_color_change/hook/ament_prefix_path.sh'
[2.947s] INFO:colcon.colcon_core.shell:Skip shell extension 'powershell' for command environment: Not usable outside of PowerShell
[2.947s] DEBUG:colcon.colcon_core.shell:Skip shell extension 'dsv' for command environment
[3.491s] INFO:colcon.colcon_core.task.python.build:Building Python package in '/home/rain/introTask/src/turtlesim_color_change'
[3.518s] INFO:colcon.colcon_core.shell:Skip shell extension 'powershell' for command environment: Not usable outside of PowerShell
[3.518s] DEBUG:colcon.colcon_core.shell:Skip shell extension 'dsv' for command environment
[4.194s] DEBUG:colcon.colcon_core.event_handler.log_command:Invoking command in '/home/rain/introTask/src/turtlesim_color_change': PYTHONPATH=/home/rain/introTask/build/turtlesim_color_change/prefix_override:/home/rain/introTask/install/turtlesim_color_change/lib/python3.10/site-packages:${PYTHONPATH} /usr/bin/python3 setup.py egg_info --egg-base ../../build/turtlesim_color_change build --build-base /home/rain/introTask/build/turtlesim_color_change/build install --record /home/rain/introTask/build/turtlesim_color_change/install.log --single-version-externally-managed
[4.732s] DEBUG:colcon.colcon_core.event_handler.log_command:Invoked command in '/home/rain/introTask/src/turtlesim_color_change' returned '0': PYTHONPATH=/home/rain/introTask/build/turtlesim_color_change/prefix_override:/home/rain/introTask/install/turtlesim_color_change/lib/python3.10/site-packages:${PYTHONPATH} /usr/bin/python3 setup.py egg_info --egg-base ../../build/turtlesim_color_change build --build-base /home/rain/introTask/build/turtlesim_color_change/build install --record /home/rain/introTask/build/turtlesim_color_change/install.log --single-version-externally-managed
[4.765s] Level 1:colcon.colcon_core.environment:checking '/home/rain/introTask/install/turtlesim_color_change' for CMake module files
[4.766s] Level 1:colcon.colcon_core.environment:checking '/home/rain/introTask/install/turtlesim_color_change' for CMake config files
[4.768s] Level 1:colcon.colcon_core.environment:checking '/home/rain/introTask/install/turtlesim_color_change/lib'
[4.768s] Level 1:colcon.colcon_core.environment:checking '/home/rain/introTask/install/turtlesim_color_change/bin'
[4.768s] Level 1:colcon.colcon_core.environment:checking '/home/rain/introTask/install/turtlesim_color_change/lib/pkgconfig/turtlesim_color_change.pc'
[4.769s] Level 1:colcon.colcon_core.environment:checking '/home/rain/introTask/install/turtlesim_color_change/lib/python3.10/site-packages'
[4.769s] Level 1:colcon.colcon_core.shell:create_environment_hook('turtlesim_color_change', 'pythonpath')
[4.808s] INFO:colcon.colcon_core.shell:Creating environment hook '/home/rain/introTask/install/turtlesim_color_change/share/turtlesim_color_change/hook/pythonpath.ps1'
[4.809s] INFO:colcon.colcon_core.shell:Creating environment descriptor '/home/rain/introTask/install/turtlesim_color_change/share/turtlesim_color_change/hook/pythonpath.dsv'
[4.810s] INFO:colcon.colcon_core.shell:Creating environment hook '/home/rain/introTask/install/turtlesim_color_change/share/turtlesim_color_change/hook/pythonpath.sh'
[4.811s] Level 1:colcon.colcon_core.environment:checking '/home/rain/introTask/install/turtlesim_color_change/bin'
[4.811s] Level 1:colcon.colcon_core.environment:create_environment_scripts_only(turtlesim_color_change)
[4.841s] INFO:colcon.colcon_core.shell:Creating package script '/home/rain/introTask/install/turtlesim_color_change/share/turtlesim_color_change/package.ps1'
[4.843s] INFO:colcon.colcon_core.shell:Creating package descriptor '/home/rain/introTask/install/turtlesim_color_change/share/turtlesim_color_change/package.dsv'
[4.844s] INFO:colcon.colcon_core.shell:Creating package script '/home/rain/introTask/install/turtlesim_color_change/share/turtlesim_color_change/package.sh'
[4.846s] INFO:colcon.colcon_core.shell:Creating package script '/home/rain/introTask/install/turtlesim_color_change/share/turtlesim_color_change/package.bash'
[4.847s] INFO:colcon.colcon_core.shell:Creating package script '/home/rain/introTask/install/turtlesim_color_change/share/turtlesim_color_change/package.zsh'
[4.848s] Level 1:colcon.colcon_core.environment:create_file_with_runtime_dependencies(/home/rain/introTask/install/turtlesim_color_change/share/colcon-core/packages/turtlesim_color_change)
[4.849s] DEBUG:colcon.colcon_parallel_executor.executor.parallel:closing loop
[4.851s] DEBUG:colcon.colcon_parallel_executor.executor.parallel:loop closed
[4.851s] DEBUG:colcon.colcon_parallel_executor.executor.parallel:run_until_complete finished with '0'
[4.851s] DEBUG:colcon.colcon_core.event_reactor:joining thread
[5.049s] INFO:colcon.colcon_core.plugin_system:Skipping extension 'colcon_notification.desktop_notification.notify_send': Could not find 'notify-send'
[5.049s] INFO:colcon.colcon_core.plugin_system:Skipping extension 'colcon_notification.desktop_notification.terminal_notifier': Not used on non-Darwin systems
[5.049s] INFO:colcon.colcon_core.plugin_system:Skipping extension 'colcon_notification.desktop_notification.win32': Not used on non-Windows systems
[5.049s] INFO:colcon.colcon_notification.desktop_notification:Sending desktop notification using 'notify2'
[5.050s] DEBUG:colcon.colcon_notification.desktop_notification.notify2:Failed to initialize notify2: org.freedesktop.DBus.Error.FileNotFound: Failed to connect to socket /run/user/1000/bus: No such file or directory
[5.050s] DEBUG:colcon.colcon_core.event_reactor:joined thread
[5.081s] INFO:colcon.colcon_core.shell:Creating prefix script '/home/rain/introTask/install/local_setup.ps1'
[5.083s] INFO:colcon.colcon_core.shell:Creating prefix util module '/home/rain/introTask/install/_local_setup_util_ps1.py'
[5.086s] INFO:colcon.colcon_core.shell:Creating prefix chain script '/home/rain/introTask/install/setup.ps1'
[5.116s] INFO:colcon.colcon_core.shell:Creating prefix script '/home/rain/introTask/install/local_setup.sh'
[5.118s] INFO:colcon.colcon_core.shell:Creating prefix util module '/home/rain/introTask/install/_local_setup_util_sh.py'
[5.119s] INFO:colcon.colcon_core.shell:Creating prefix chain script '/home/rain/introTask/install/setup.sh'
[5.152s] INFO:colcon.colcon_core.shell:Creating prefix script '/home/rain/introTask/install/local_setup.bash'
[5.153s] INFO:colcon.colcon_core.shell:Creating prefix chain script '/home/rain/introTask/install/setup.bash'
[5.184s] INFO:colcon.colcon_core.shell:Creating prefix script '/home/rain/introTask/install/local_setup.zsh'
[5.185s] INFO:colcon.colcon_core.shell:Creating prefix chain script '/home/rain/introTask/install/setup.zsh'
