[1.337s] Invoking command in '/home/rain/introTask/src/turtlesim_color_change': PYTHONPATH=/home/rain/introTask/build/turtlesim_color_change/prefix_override:/home/rain/introTask/install/turtlesim_color_change/lib/python3.10/site-packages:${PYTHONPATH} /usr/bin/python3 setup.py egg_info --egg-base ../../build/turtlesim_color_change build --build-base /home/rain/introTask/build/turtlesim_color_change/build install --record /home/rain/introTask/build/turtlesim_color_change/install.log --single-version-externally-managed
[1.742s] running egg_info
[1.744s] writing ../../build/turtlesim_color_change/turtlesim_color_change.egg-info/PKG-INFO
[1.745s] writing dependency_links to ../../build/turtlesim_color_change/turtlesim_color_change.egg-info/dependency_links.txt
[1.746s] writing entry points to ../../build/turtlesim_color_change/turtlesim_color_change.egg-info/entry_points.txt
[1.747s] writing requirements to ../../build/turtlesim_color_change/turtlesim_color_change.egg-info/requires.txt
[1.747s] writing top-level names to ../../build/turtlesim_color_change/turtlesim_color_change.egg-info/top_level.txt
[1.751s] reading manifest file '../../build/turtlesim_color_change/turtlesim_color_change.egg-info/SOURCES.txt'
[1.754s] writing manifest file '../../build/turtlesim_color_change/turtlesim_color_change.egg-info/SOURCES.txt'
[1.754s] running build
[1.754s] running build_py
[1.755s] copying turtlesim_color_change/change_background.py -> /home/rain/introTask/build/turtlesim_color_change/build/lib/turtlesim_color_change
[1.755s] running install
[1.756s] /usr/lib/python3/dist-packages/setuptools/command/install.py:34: SetuptoolsDeprecationWarning: setup.py install is deprecated. Use build and pip and other standards-based tools.
[1.756s]   warnings.warn(
[1.756s] running install_lib
[1.758s] copying /home/rain/introTask/build/turtlesim_color_change/build/lib/turtlesim_color_change/change_background.py -> /home/rain/introTask/install/turtlesim_color_change/lib/python3.10/site-packages/turtlesim_color_change
[1.759s] byte-compiling /home/rain/introTask/install/turtlesim_color_change/lib/python3.10/site-packages/turtlesim_color_change/change_background.py to change_background.cpython-310.pyc
[1.761s]   File "/home/rain/introTask/install/turtlesim_color_change/lib/python3.10/site-packages/turtlesim_color_change/change_background.py", line 43
[1.761s]     elif msg.x => 10.0:
[1.762s]                ^
[1.762s] SyntaxError: invalid syntax
[1.762s] 
[1.762s] running install_data
[1.762s] running install_egg_info
[1.765s] removing '/home/rain/introTask/install/turtlesim_color_change/lib/python3.10/site-packages/turtlesim_color_change-0.0.0-py3.10.egg-info' (and everything under it)
[1.766s] Copying ../../build/turtlesim_color_change/turtlesim_color_change.egg-info to /home/rain/introTask/install/turtlesim_color_change/lib/python3.10/site-packages/turtlesim_color_change-0.0.0-py3.10.egg-info
[1.769s] running install_scripts
[1.803s] Installing change_background script to /home/rain/introTask/install/turtlesim_color_change/lib/turtlesim_color_change
[1.803s] writing list of installed files to '/home/rain/introTask/build/turtlesim_color_change/install.log'
[1.854s] Invoked command in '/home/rain/introTask/src/turtlesim_color_change' returned '0': PYTHONPATH=/home/rain/introTask/build/turtlesim_color_change/prefix_override:/home/rain/introTask/install/turtlesim_color_change/lib/python3.10/site-packages:${PYTHONPATH} /usr/bin/python3 setup.py egg_info --egg-base ../../build/turtlesim_color_change build --build-base /home/rain/introTask/build/turtlesim_color_change/build install --record /home/rain/introTask/build/turtlesim_color_change/install.log --single-version-externally-managed
