[1.208s] Invoking command in '/home/rain/introTask/build/turtlesim_color_change': PYTHONPATH=/home/rain/introTask/build/turtlesim_color_change/prefix_override:/home/rain/introTask/install/turtlesim_color_change/lib/python3.10/site-packages:${PYTHONPATH} /usr/bin/python3 setup.py develop --editable --build-directory /home/rain/introTask/build/turtlesim_color_change/build --no-deps install_data
[1.649s] running develop
[1.649s] /usr/lib/python3/dist-packages/setuptools/command/easy_install.py:158: EasyInstallDeprecationWarning: easy_install command is deprecated. Use build and pip and other standards-based tools.
[1.650s]   warnings.warn(
[1.652s] /usr/lib/python3/dist-packages/setuptools/command/install.py:34: SetuptoolsDeprecationWarning: setup.py install is deprecated. Use build and pip and other standards-based tools.
[1.652s]   warnings.warn(
[1.930s] running egg_info
[1.930s] creating turtlesim_color_change.egg-info
[1.931s] writing turtlesim_color_change.egg-info/PKG-INFO
[1.931s] writing dependency_links to turtlesim_color_change.egg-info/dependency_links.txt
[1.932s] writing entry points to turtlesim_color_change.egg-info/entry_points.txt
[1.932s] writing requirements to turtlesim_color_change.egg-info/requires.txt
[1.933s] writing top-level names to turtlesim_color_change.egg-info/top_level.txt
[1.933s] writing manifest file 'turtlesim_color_change.egg-info/SOURCES.txt'
[1.936s] reading manifest file 'turtlesim_color_change.egg-info/SOURCES.txt'
[1.937s] writing manifest file 'turtlesim_color_change.egg-info/SOURCES.txt'
[1.940s] running build_ext
[1.940s] Creating /home/rain/introTask/install/turtlesim_color_change/lib/python3.10/site-packages/turtlesim-color-change.egg-link (link to .)
[1.942s] 
[1.942s] Installed /home/rain/introTask/build/turtlesim_color_change
[1.943s] running install_data
[1.943s] creating /home/rain/introTask/install/turtlesim_color_change/share/ament_index
[1.943s] creating /home/rain/introTask/install/turtlesim_color_change/share/ament_index/resource_index
[1.944s] creating /home/rain/introTask/install/turtlesim_color_change/share/ament_index/resource_index/packages
[1.944s] copying resource/turtlesim_color_change -> /home/rain/introTask/install/turtlesim_color_change/share/ament_index/resource_index/packages
[1.945s] copying package.xml -> /home/rain/introTask/install/turtlesim_color_change/share/turtlesim_color_change
[1.997s] Invoked command in '/home/rain/introTask/build/turtlesim_color_change' returned '0': PYTHONPATH=/home/rain/introTask/build/turtlesim_color_change/prefix_override:/home/rain/introTask/install/turtlesim_color_change/lib/python3.10/site-packages:${PYTHONPATH} /usr/bin/python3 setup.py develop --editable --build-directory /home/rain/introTask/build/turtlesim_color_change/build --no-deps install_data
